py311: commands[0]> pytest openwrt-yun-bridge/tests
============================= test session starts ==============================
platform linux -- Python 3.11.14, pytest-9.0.2, pluggy-1.6.0
cachedir: .tox/py311/.pytest_cache
rootdir: /home/ignaciosantolin/arduino-yun-bridge2
configfile: pytest.ini
plugins: hypothesis-6.148.7, asyncio-1.3.0
asyncio: mode=Mode.STRICT, debug=False, asyncio_default_fixture_loop_scope=function, asyncio_default_test_loop_scope=function
collected 289 items

openwrt-yun-bridge/tests/test_bridge_components_pin_system.py .......... [  3%]
..                                                                       [  4%]
openwrt-yun-bridge/tests/test_bridge_service.py ......................ROOT: [1202442] KeyboardInterrupt - teardown started
ROOT: interrupt tox environment: py311
ROOT: requested interrupt of 1202455 from 1202442, activate in 0.00
ROOT: send signal SIGINT(2) to 1202455 from 1202442 with timeout 0.30
ROOT: send signal SIGTERM(15) to 1202455 from 1202442 with timeout 0.20
py311: exit -15 (19.89 seconds) /home/ignaciosantolin/arduino-yun-bridge2> pytest openwrt-yun-bridge/tests pid=1202455
ROOT: interrupt finished with success
  py311: FAIL code -15 (20.16=setup[0.27]+cmd[19.89] seconds)
  evaluation failed :( (20.34 seconds)
